{"/Users/christian/Documents/Web/react-frontend-boilerplate/src/actions/count.js": {"path":"/Users/christian/Documents/Web/react-frontend-boilerplate/src/actions/count.js","statementMap":{"0":{"start":{"line":1,"column":24},"end":{"line":1,"column":34}},"1":{"start":{"line":2,"column":24},"end":{"line":2,"column":34}},"2":{"start":{"line":5,"column":2},"end":{"line":8,"column":4}},"3":{"start":{"line":12,"column":2},"end":{"line":15,"column":4}}},"fnMap":{"0":{"name":"increase","decl":{"start":{"line":4,"column":16},"end":{"line":4,"column":24}},"loc":{"start":{"line":4,"column":28},"end":{"line":9,"column":1}}},"1":{"name":"decrease","decl":{"start":{"line":11,"column":16},"end":{"line":11,"column":24}},"loc":{"start":{"line":11,"column":28},"end":{"line":16,"column":1}}}},"branchMap":{},"s":{"0":1,"1":1,"2":0,"3":0},"f":{"0":0,"1":0},"b":{},"_coverageSchema":"332fd63041d2c1bcb487cc26dd0d5f7d97098a6c","hash":"a3e207397f3de1ecbcb6e4bdfdf95a63bf3e98df"}
,"/Users/christian/Documents/Web/react-frontend-boilerplate/src/components/Home.js": {"path":"/Users/christian/Documents/Web/react-frontend-boilerplate/src/components/Home.js","statementMap":{"0":{"start":{"line":9,"column":4},"end":{"line":9,"column":17}},"1":{"start":{"line":11,"column":4},"end":{"line":11,"column":39}},"2":{"start":{"line":15,"column":4},"end":{"line":15,"column":50}},"3":{"start":{"line":19,"column":4},"end":{"line":19,"column":33}},"4":{"start":{"line":23,"column":4},"end":{"line":23,"column":25}},"5":{"start":{"line":27,"column":4},"end":{"line":47,"column":6}},"6":{"start":{"line":33,"column":12},"end":{"line":33,"column":42}},"7":{"start":{"line":41,"column":12},"end":{"line":41,"column":42}},"8":{"start":{"line":51,"column":0},"end":{"line":56,"column":2}},"9":{"start":{"line":59,"column":24},"end":{"line":61,"column":2}},"10":{"start":{"line":59,"column":36},"end":{"line":61,"column":1}},"11":{"start":{"line":63,"column":27},"end":{"line":73,"column":2}},"12":{"start":{"line":63,"column":42},"end":{"line":73,"column":1}},"13":{"start":{"line":65,"column":4},"end":{"line":65,"column":26}},"14":{"start":{"line":68,"column":4},"end":{"line":68,"column":26}},"15":{"start":{"line":71,"column":4},"end":{"line":71,"column":26}}},"fnMap":{"0":{"name":"(anonymous_0)","decl":{"start":{"line":8,"column":2},"end":{"line":8,"column":3}},"loc":{"start":{"line":8,"column":21},"end":{"line":12,"column":3}}},"1":{"name":"(anonymous_1)","decl":{"start":{"line":14,"column":2},"end":{"line":14,"column":3}},"loc":{"start":{"line":14,"column":22},"end":{"line":16,"column":3}}},"2":{"name":"(anonymous_2)","decl":{"start":{"line":18,"column":2},"end":{"line":18,"column":3}},"loc":{"start":{"line":18,"column":25},"end":{"line":20,"column":3}}},"3":{"name":"(anonymous_3)","decl":{"start":{"line":22,"column":2},"end":{"line":22,"column":3}},"loc":{"start":{"line":22,"column":10},"end":{"line":24,"column":3}}},"4":{"name":"(anonymous_4)","decl":{"start":{"line":26,"column":2},"end":{"line":26,"column":3}},"loc":{"start":{"line":26,"column":11},"end":{"line":48,"column":3}}},"5":{"name":"(anonymous_5)","decl":{"start":{"line":32,"column":19},"end":{"line":32,"column":20}},"loc":{"start":{"line":32,"column":25},"end":{"line":34,"column":11}}},"6":{"name":"(anonymous_6)","decl":{"start":{"line":40,"column":19},"end":{"line":40,"column":20}},"loc":{"start":{"line":40,"column":25},"end":{"line":42,"column":11}}},"7":{"name":"(anonymous_7)","decl":{"start":{"line":59,"column":24},"end":{"line":59,"column":25}},"loc":{"start":{"line":59,"column":36},"end":{"line":61,"column":1}}},"8":{"name":"(anonymous_8)","decl":{"start":{"line":63,"column":27},"end":{"line":63,"column":28}},"loc":{"start":{"line":63,"column":42},"end":{"line":73,"column":1}}},"9":{"name":"(anonymous_9)","decl":{"start":{"line":64,"column":10},"end":{"line":64,"column":11}},"loc":{"start":{"line":64,"column":17},"end":{"line":66,"column":3}}},"10":{"name":"(anonymous_10)","decl":{"start":{"line":67,"column":19},"end":{"line":67,"column":20}},"loc":{"start":{"line":67,"column":26},"end":{"line":69,"column":3}}},"11":{"name":"(anonymous_11)","decl":{"start":{"line":70,"column":19},"end":{"line":70,"column":20}},"loc":{"start":{"line":70,"column":26},"end":{"line":72,"column":3}}}},"branchMap":{},"s":{"0":3,"1":3,"2":0,"3":0,"4":0,"5":3,"6":1,"7":1,"8":1,"9":1,"10":0,"11":1,"12":0,"13":0,"14":0,"15":0},"f":{"0":3,"1":0,"2":0,"3":0,"4":3,"5":1,"6":1,"7":0,"8":0,"9":0,"10":0,"11":0},"b":{},"_coverageSchema":"332fd63041d2c1bcb487cc26dd0d5f7d97098a6c","hash":"720de66f8154975cee8538009daa3d3b27f2af2b"}
}
