TN:
SF:/Users/christian/Documents/Web/react-frontend-boilerplate/src/actions/count.js
FN:4,increase
FN:11,decrease
FNF:2
FNH:0
FNDA:0,increase
FNDA:0,decrease
DA:1,1
DA:2,1
DA:5,0
DA:12,0
LF:4
LH:2
BRF:0
BRH:0
end_of_record
TN:
SF:/Users/christian/Documents/Web/react-frontend-boilerplate/src/components/Home.js
FN:8,(anonymous_0)
FN:14,(anonymous_1)
FN:18,(anonymous_2)
FN:22,(anonymous_3)
FN:26,(anonymous_4)
FN:32,(anonymous_5)
FN:40,(anonymous_6)
FN:59,(anonymous_7)
FN:63,(anonymous_8)
FN:64,(anonymous_9)
FN:67,(anonymous_10)
FN:70,(anonymous_11)
FNF:12
FNH:4
FNDA:3,(anonymous_0)
FNDA:0,(anonymous_1)
FNDA:0,(anonymous_2)
FNDA:0,(anonymous_3)
FNDA:3,(anonymous_4)
FNDA:1,(anonymous_5)
FNDA:1,(anonymous_6)
FNDA:0,(anonymous_7)
FNDA:0,(anonymous_8)
FNDA:0,(anonymous_9)
FNDA:0,(anonymous_10)
FNDA:0,(anonymous_11)
DA:9,3
DA:11,3
DA:15,0
DA:19,0
DA:23,0
DA:27,3
DA:33,1
DA:41,1
DA:51,1
DA:59,1
DA:63,1
DA:65,0
DA:68,0
DA:71,0
LF:14
LH:8
BRF:0
BRH:0
end_of_record
